----------------------------------------------------------------
Sun Aug 07 14:43:37 BRT 2022:
Booting Derby version The Apache Software Foundation - Apache Derby - 10.14.2.0 - (1828579): instance a816c00e-0182-7967-bba6-00000fb00668 
on database directory /home/josue/Área de Trabalho/projects/aaa/tarefa/target/database with class loader sun.misc.Launcher$AppClassLoader@764c12b6 
Loaded from file:/home/josue/.m2/repository/org/apache/derby/derby/10.14.2.0/derby-10.14.2.0.jar
java.vendor=Private Build
java.runtime.version=1.8.0_312-8u312-b07-0ubuntu1~20.04-b07
user.dir=/home/josue/Área de Trabalho/projects/aaa/tarefa
os.name=Linux
os.arch=amd64
os.version=5.15.0-41-generic
derby.system.home=null
Database Class Loader started - derby.database.classpath=''
----------------------------------------------------------------
Sun Aug 07 14:44:15 BRT 2022:
Shutting down instance a816c00e-0182-7967-bba6-00000fb00668 on database directory /home/josue/Área de Trabalho/projects/aaa/tarefa/target/database with class loader sun.misc.Launcher$AppClassLoader@764c12b6 
Sun Aug 07 14:44:16 BRT 2022 Thread[Thread-20,5,main] Cleanup action starting
ERROR XBM0I: Directory target/database cannot be removed.
	at org.apache.derby.iapi.error.StandardException.newException(Unknown Source)
	at org.apache.derby.iapi.error.StandardException.newException(Unknown Source)
	at org.apache.derby.iapi.services.monitor.Monitor.removePersistentService(Unknown Source)
	at org.apache.derby.impl.jdbc.EmbedConnection$6.run(Unknown Source)
	at java.security.AccessController.doPrivileged(Native Method)
	at org.apache.derby.impl.jdbc.EmbedConnection.removePersistentService(Unknown Source)
	at org.apache.derby.impl.jdbc.EmbedConnection.<init>(Unknown Source)
	at org.apache.derby.jdbc.InternalDriver$1.run(Unknown Source)
	at org.apache.derby.jdbc.InternalDriver$1.run(Unknown Source)
	at java.security.AccessController.doPrivileged(Native Method)
	at org.apache.derby.jdbc.InternalDriver.getNewEmbedConnection(Unknown Source)
	at org.apache.derby.jdbc.InternalDriver$LoginCallable.call(Unknown Source)
	at org.apache.derby.jdbc.InternalDriver$LoginCallable.call(Unknown Source)
	at java.util.concurrent.FutureTask.run(FutureTask.java:266)
	at java.util.concurrent.ThreadPoolExecutor.runWorker(ThreadPoolExecutor.java:1149)
	at java.util.concurrent.ThreadPoolExecutor$Worker.run(ThreadPoolExecutor.java:624)
	at java.lang.Thread.run(Thread.java:748)
Cleanup action completed
Sun Aug 07 14:44:16 BRT 2022 Thread[Thread-20,5,main] Cleanup action starting
ERROR XBM0I: Directory target/database cannot be removed.
	at org.apache.derby.iapi.error.StandardException.newException(Unknown Source)
	at org.apache.derby.iapi.error.StandardException.newException(Unknown Source)
	at org.apache.derby.iapi.services.monitor.Monitor.removePersistentService(Unknown Source)
	at org.apache.derby.impl.jdbc.EmbedConnection$6.run(Unknown Source)
	at java.security.AccessController.doPrivileged(Native Method)
	at org.apache.derby.impl.jdbc.EmbedConnection.removePersistentService(Unknown Source)
	at org.apache.derby.impl.jdbc.EmbedConnection.<init>(Unknown Source)
	at org.apache.derby.jdbc.InternalDriver$1.run(Unknown Source)
	at org.apache.derby.jdbc.InternalDriver$1.run(Unknown Source)
	at java.security.AccessController.doPrivileged(Native Method)
	at org.apache.derby.jdbc.InternalDriver.getNewEmbedConnection(Unknown Source)
	at org.apache.derby.jdbc.InternalDriver$LoginCallable.call(Unknown Source)
	at org.apache.derby.jdbc.InternalDriver$LoginCallable.call(Unknown Source)
	at java.util.concurrent.FutureTask.run(FutureTask.java:266)
	at java.util.concurrent.ThreadPoolExecutor.runWorker(ThreadPoolExecutor.java:1149)
	at java.util.concurrent.ThreadPoolExecutor$Worker.run(ThreadPoolExecutor.java:624)
	at java.lang.Thread.run(Thread.java:748)
Cleanup action completed
----------------------------------------------------------------
Sun Aug 07 14:44:17 BRT 2022:
Booting Derby version The Apache Software Foundation - Apache Derby - 10.14.2.0 - (1828579): instance 5bd340ca-0182-7967-bba6-00000fb00668 
on database directory /home/josue/Área de Trabalho/projects/aaa/tarefa/target/database with class loader sun.misc.Launcher$AppClassLoader@764c12b6 
Loaded from file:/home/josue/.m2/repository/org/apache/derby/derby/10.14.2.0/derby-10.14.2.0.jar
java.vendor=Private Build
java.runtime.version=1.8.0_312-8u312-b07-0ubuntu1~20.04-b07
user.dir=/home/josue/Área de Trabalho/projects/aaa/tarefa
os.name=Linux
os.arch=amd64
os.version=5.15.0-41-generic
derby.system.home=null
Database Class Loader started - derby.database.classpath=''
